d:\me\documents\platformio\projects\azuredemo_avr-iot_wx\winc-fw-upgrade\flashing_env\winc1500_iot_rel_19_6_1_30may2018_atmega4808-4809\src\tools\crypto_lib\lib\crypto.pdb
d:\me\documents\platformio\projects\azuredemo_avr-iot_wx\winc-fw-upgrade\flashing_env\winc1500_iot_rel_19_6_1_30may2018_atmega4808-4809\src\tools\crypto_lib\crypto_lib\debug\tls_buffer_manager.obj
d:\me\documents\platformio\projects\azuredemo_avr-iot_wx\winc-fw-upgrade\flashing_env\winc1500_iot_rel_19_6_1_30may2018_atmega4808-4809\src\tools\crypto_lib\crypto_lib\debug\rsa_key.obj
d:\me\documents\platformio\projects\azuredemo_avr-iot_wx\winc-fw-upgrade\flashing_env\winc1500_iot_rel_19_6_1_30may2018_atmega4808-4809\src\tools\crypto_lib\crypto_lib\debug\crypto_port.obj
d:\me\documents\platformio\projects\azuredemo_avr-iot_wx\winc-fw-upgrade\flashing_env\winc1500_iot_rel_19_6_1_30may2018_atmega4808-4809\src\tools\crypto_lib\crypto_lib\debug\crypto_lib_api.obj
d:\me\documents\platformio\projects\azuredemo_avr-iot_wx\winc-fw-upgrade\flashing_env\winc1500_iot_rel_19_6_1_30may2018_atmega4808-4809\src\tools\crypto_lib\crypto_lib\debug\x509_cert.obj
d:\me\documents\platformio\projects\azuredemo_avr-iot_wx\winc-fw-upgrade\flashing_env\winc1500_iot_rel_19_6_1_30may2018_atmega4808-4809\src\tools\crypto_lib\crypto_lib\debug\asn1.obj
d:\me\documents\platformio\projects\azuredemo_avr-iot_wx\winc-fw-upgrade\flashing_env\winc1500_iot_rel_19_6_1_30may2018_atmega4808-4809\src\tools\crypto_lib\crypto_lib\debug\rsa.obj
d:\me\documents\platformio\projects\azuredemo_avr-iot_wx\winc-fw-upgrade\flashing_env\winc1500_iot_rel_19_6_1_30may2018_atmega4808-4809\src\tools\crypto_lib\crypto_lib\debug\hash.obj
d:\me\documents\platformio\projects\azuredemo_avr-iot_wx\winc-fw-upgrade\flashing_env\winc1500_iot_rel_19_6_1_30may2018_atmega4808-4809\src\tools\crypto_lib\crypto_lib\debug\bigint.obj
d:\me\documents\platformio\projects\azuredemo_avr-iot_wx\winc-fw-upgrade\flashing_env\winc1500_iot_rel_19_6_1_30may2018_atmega4808-4809\src\tools\crypto_lib\crypto_lib\debug\aes_gcm.obj
d:\me\documents\platformio\projects\azuredemo_avr-iot_wx\winc-fw-upgrade\flashing_env\winc1500_iot_rel_19_6_1_30may2018_atmega4808-4809\src\tools\crypto_lib\crypto_lib\debug\aes_cbc.obj
d:\me\documents\platformio\projects\azuredemo_avr-iot_wx\winc-fw-upgrade\flashing_env\winc1500_iot_rel_19_6_1_30may2018_atmega4808-4809\src\tools\crypto_lib\crypto_lib\debug\aes.obj
d:\me\documents\platformio\projects\azuredemo_avr-iot_wx\winc-fw-upgrade\flashing_env\winc1500_iot_rel_19_6_1_30may2018_atmega4808-4809\src\tools\crypto_lib\lib\crypto.lib
d:\me\documents\platformio\projects\azuredemo_avr-iot_wx\winc-fw-upgrade\flashing_env\winc1500_iot_rel_19_6_1_30may2018_atmega4808-4809\src\tools\crypto_lib\\lib\crypto.pdb
d:\me\documents\platformio\projects\azuredemo_avr-iot_wx\winc-fw-upgrade\flashing_env\winc1500_iot_rel_19_6_1_30may2018_atmega4808-4809\src\tools\crypto_lib\crypto_lib\debug\crypto_lib.tlog\cl.command.1.tlog
d:\me\documents\platformio\projects\azuredemo_avr-iot_wx\winc-fw-upgrade\flashing_env\winc1500_iot_rel_19_6_1_30may2018_atmega4808-4809\src\tools\crypto_lib\crypto_lib\debug\crypto_lib.tlog\cl.read.1.tlog
d:\me\documents\platformio\projects\azuredemo_avr-iot_wx\winc-fw-upgrade\flashing_env\winc1500_iot_rel_19_6_1_30may2018_atmega4808-4809\src\tools\crypto_lib\crypto_lib\debug\crypto_lib.tlog\cl.write.1.tlog
d:\me\documents\platformio\projects\azuredemo_avr-iot_wx\winc-fw-upgrade\flashing_env\winc1500_iot_rel_19_6_1_30may2018_atmega4808-4809\src\tools\crypto_lib\crypto_lib\debug\crypto_lib.tlog\lib-link.read.1.tlog
d:\me\documents\platformio\projects\azuredemo_avr-iot_wx\winc-fw-upgrade\flashing_env\winc1500_iot_rel_19_6_1_30may2018_atmega4808-4809\src\tools\crypto_lib\crypto_lib\debug\crypto_lib.tlog\lib-link.write.1.tlog
d:\me\documents\platformio\projects\azuredemo_avr-iot_wx\winc-fw-upgrade\flashing_env\winc1500_iot_rel_19_6_1_30may2018_atmega4808-4809\src\tools\crypto_lib\crypto_lib\debug\crypto_lib.tlog\lib.command.1.tlog
